2025-11-01 10:26:32.429 [info] [main] Log level: Info
2025-11-01 10:26:32.429 [info] [main] Validating found git in: "git"
2025-11-01 10:26:32.429 [info] [main] Using git "2.43.0" from "git"
2025-11-01 10:26:32.429 [info] [Model][doInitialScan] Initial repository scan started
2025-11-01 10:26:32.429 [info] > git rev-parse --show-toplevel [1503ms]
2025-11-01 10:26:32.429 [info] fatal: not a git repository (or any parent up to mount point /)
Stopping at filesystem boundary (GIT_DISCOVERY_ACROSS_FILESYSTEM not set).
2025-11-01 10:26:32.431 [info] > git rev-parse --show-toplevel [3ms]
2025-11-01 10:26:32.431 [info] fatal: not a git repository (or any parent up to mount point /)
Stopping at filesystem boundary (GIT_DISCOVERY_ACROSS_FILESYSTEM not set).
2025-11-01 10:26:32.437 [info] > git rev-parse --show-toplevel [2ms]
2025-11-01 10:26:32.437 [info] fatal: not a git repository (or any parent up to mount point /)
Stopping at filesystem boundary (GIT_DISCOVERY_ACROSS_FILESYSTEM not set).
2025-11-01 10:26:32.444 [info] > git rev-parse --show-toplevel [2ms]
2025-11-01 10:26:32.444 [info] fatal: not a git repository (or any parent up to mount point /)
Stopping at filesystem boundary (GIT_DISCOVERY_ACROSS_FILESYSTEM not set).
2025-11-01 10:26:32.450 [info] > git rev-parse --show-toplevel [2ms]
2025-11-01 10:26:32.450 [info] fatal: not a git repository (or any parent up to mount point /)
Stopping at filesystem boundary (GIT_DISCOVERY_ACROSS_FILESYSTEM not set).
2025-11-01 10:26:32.456 [info] > git rev-parse --show-toplevel [2ms]
2025-11-01 10:26:32.456 [info] fatal: not a git repository (or any parent up to mount point /)
Stopping at filesystem boundary (GIT_DISCOVERY_ACROSS_FILESYSTEM not set).
2025-11-01 10:26:32.462 [info] > git rev-parse --show-toplevel [2ms]
2025-11-01 10:26:32.462 [info] fatal: not a git repository (or any parent up to mount point /)
Stopping at filesystem boundary (GIT_DISCOVERY_ACROSS_FILESYSTEM not set).
2025-11-01 10:26:32.462 [info] [Model][doInitialScan] Initial repository scan completed - repositories (0), closed repositories (0), parent repositories (0), unsafe repositories (0)
2025-11-01 10:26:35.474 [info] > git rev-parse --show-toplevel [5ms]
2025-11-01 10:26:35.475 [info] fatal: not a git repository (or any parent up to mount point /)
Stopping at filesystem boundary (GIT_DISCOVERY_ACROSS_FILESYSTEM not set).
