Initializing document watcher...
Document watcher initialized
koveszter7/app.py: {}
koveszter7/app.py: {}
koveszter7/app.py: Using EditorConfig core...
koveszter7/data.csv: {}
koveszter7/data.csv: Using EditorConfig core...
koveszter7/data.csv: {}
koveszter7/data.csv: Using EditorConfig core...
koveszter7/data.csv: {}
koveszter7/Assets/style.css: {}
koveszter7/Assets/style.css: Using EditorConfig core...
koveszter7/Assets/style.css: {}
koveszter7/app.py: {}
koveszter7/app.py: {}
koveszter7/Dockerfile: {}
koveszter7/Dockerfile: {}
koveszter7/requirements.txt: {}
koveszter7/README-cloudshell.txt: {}
koveszter7/app.py: {}
koveszter7/app.py: {}
koveszter7/app.py: {}
koveszter7/app.py: Using EditorConfig core...
koveszter7/Assets/style.css: {}
koveszter7/Assets/style.css: {}
koveszter7/Assets/style.css: {}
koveszter7/Assets/style.css: Using EditorConfig core...
koveszter7/app.py: {}
