2025-11-01 10:29:34.302 [warning] Dir "/home/koveszter7/.pixi/envs" is not watchable (directory does not exist)
2025-11-01 10:29:34.303 [info] Starting Environment refresh
2025-11-01 10:29:34.303 [info] Searching for interpreters in posix paths locator
2025-11-01 10:29:34.304 [info] Searching for pyenv environments
2025-11-01 10:29:34.304 [info] Searching for conda environments
2025-11-01 10:29:34.304 [info] Searching for global virtual environments
2025-11-01 10:29:34.304 [info] Searching for custom virtual environments
2025-11-01 10:29:34.304 [info] pyenv is not installed
2025-11-01 10:29:34.304 [info] Finished searching for pyenv environments: 72 milliseconds
2025-11-01 10:29:34.304 [info] Finished searching for custom virtual envs: 72 milliseconds
2025-11-01 10:29:34.304 [info] > conda info --json
2025-11-01 10:29:34.304 [info] > hatch env show --json
2025-11-01 10:29:34.304 [info] cwd: .
2025-11-01 10:29:34.304 [info] > pyenv which python
2025-11-01 10:29:34.304 [info] cwd: .
2025-11-01 10:29:34.304 [info] Finished searching for global virtual envs: 179 milliseconds
2025-11-01 10:29:34.319 [info] Found: /bin/python --> /bin/python3.12
2025-11-01 10:29:34.327 [info] Found: /bin/python3 --> /bin/python3.12
2025-11-01 10:29:34.328 [info] Found: /bin/python3.12 --> /bin/python3.12
2025-11-01 10:29:34.351 [info] Found: /usr/bin/python --> /usr/bin/python3.12
2025-11-01 10:29:34.352 [info] Found: /usr/bin/python3 --> /usr/bin/python3.12
2025-11-01 10:29:34.352 [info] Found: /usr/bin/python3.12 --> /usr/bin/python3.12
2025-11-01 10:29:34.398 [info] Finished searching for interpreters in posix paths locator: 346 milliseconds
2025-11-01 10:29:34.398 [info] > /bin/python -I /google/devshell/editor/code-oss-for-cloud-shell/extensions/ms-python.python/python_files/get_output_via_markers.py /google/devshell/editor/code-oss-for-cloud-shell/extensions/ms-python.python/python_files/interpreterInfo.py
2025-11-01 10:29:34.438 [info] > /usr/bin/python -I /google/devshell/editor/code-oss-for-cloud-shell/extensions/ms-python.python/python_files/get_output_via_markers.py /google/devshell/editor/code-oss-for-cloud-shell/extensions/ms-python.python/python_files/interpreterInfo.py
2025-11-01 10:29:34.438 [info] Environments refresh paths discovered (event): 397 milliseconds
2025-11-01 10:29:34.438 [info] Environments refresh paths discovered: 397 milliseconds
2025-11-01 10:29:34.509 [info] Environments refresh finished (event): 468 milliseconds
2025-11-01 10:29:34.524 [info] Environment refresh took 483 milliseconds
2025-11-01 10:29:34.531 [info] Python interpreter path: /bin/python
2025-11-01 10:29:37.908 [info] Starting Jedi language server for koveszter7.
2025-11-01 10:29:47.182 [info] Running installed packages checker:  {
  id: '/bin/python',
  sysPrefix: '/usr',
  envType: 'Global',
  envName: '',
  envPath: '',
  path: '/bin/python',
  architecture: 3,
  sysVersion: '3.12.3 (main, Aug 14 2025, 17:47:21) [GCC 13.3.0]',
  version: {
    raw: '3.12.3',
    major: 3,
    minor: 12,
    patch: 3,
    build: [],
    prerelease: [ 'final', '0' ]
  },
  displayName: 'Python 3.12.3 64-bit',
  detailedDisplayName: 'Python 3.12.3 64-bit',
  type: undefined
} /google/devshell/editor/code-oss-for-cloud-shell/extensions/ms-python.python/python_files/installed_check.py /home/koveszter7/requirements.txt
2025-11-01 10:29:47.182 [info] > /bin/python /google/devshell/editor/code-oss-for-cloud-shell/extensions/ms-python.python/python_files/installed_check.py ./requirements.txt
2025-11-01 10:31:41.997 [info] Discover tests for workspace name: koveszter7 - uri: /home/koveszter7/app.py
2025-11-01 10:32:27.207 [info] Running installed packages checker:  {
  id: '/bin/python',
  sysPrefix: '/usr',
  envType: 'Global',
  envName: '',
  envPath: '',
  path: '/bin/python',
  architecture: 3,
  sysVersion: '3.12.3 (main, Aug 14 2025, 17:47:21) [GCC 13.3.0]',
  version: {
    raw: '3.12.3',
    major: 3,
    minor: 12,
    patch: 3,
    build: [],
    prerelease: [ 'final', '0' ]
  },
  displayName: 'Python 3.12.3 64-bit',
  detailedDisplayName: 'Python 3.12.3 64-bit',
  type: undefined
} /google/devshell/editor/code-oss-for-cloud-shell/extensions/ms-python.python/python_files/installed_check.py /home/koveszter7/requirements.txt
2025-11-01 10:32:27.207 [info] > /bin/python /google/devshell/editor/code-oss-for-cloud-shell/extensions/ms-python.python/python_files/installed_check.py ./requirements.txt
2025-11-01 10:33:21.211 [info] Discover tests for workspace name: koveszter7 - uri: /home/koveszter7/app.py
2025-11-01 10:33:35.874 [info] Discover tests for workspace name: koveszter7 - uri: /home/koveszter7/app.py
2025-11-01 10:33:37.784 [info] Discover tests for workspace name: koveszter7 - uri: /home/koveszter7/app.py
2025-11-01 10:33:54.998 [info] Discover tests for workspace name: koveszter7 - uri: /home/koveszter7/app.py
2025-11-01 10:33:58.986 [info] Discover tests for workspace name: koveszter7 - uri: /home/koveszter7/app.py
2025-11-01 10:34:14.416 [info] Discover tests for workspace name: koveszter7 - uri: /home/koveszter7/app.py
2025-11-01 10:34:29.791 [info] Running installed packages checker:  {
  id: '/bin/python',
  sysPrefix: '/usr',
  envType: 'Global',
  envName: '',
  envPath: '',
  path: '/bin/python',
  architecture: 3,
  sysVersion: '3.12.3 (main, Aug 14 2025, 17:47:21) [GCC 13.3.0]',
  version: {
    raw: '3.12.3',
    major: 3,
    minor: 12,
    patch: 3,
    build: [],
    prerelease: [ 'final', '0' ]
  },
  displayName: 'Python 3.12.3 64-bit',
  detailedDisplayName: 'Python 3.12.3 64-bit',
  type: undefined
} /google/devshell/editor/code-oss-for-cloud-shell/extensions/ms-python.python/python_files/installed_check.py /home/koveszter7/requirements.txt
2025-11-01 10:34:29.791 [info] > /bin/python /google/devshell/editor/code-oss-for-cloud-shell/extensions/ms-python.python/python_files/installed_check.py ./requirements.txt
2025-11-01 10:39:15.510 [info] Discover tests for workspace name: koveszter7 - uri: /home/koveszter7/app.py
2025-11-01 10:40:00.400 [info] Running installed packages checker:  {
  id: '/bin/python',
  sysPrefix: '/usr',
  envType: 'Global',
  envName: '',
  envPath: '',
  path: '/bin/python',
  architecture: 3,
  sysVersion: '3.12.3 (main, Aug 14 2025, 17:47:21) [GCC 13.3.0]',
  version: {
    raw: '3.12.3',
    major: 3,
    minor: 12,
    patch: 3,
    build: [],
    prerelease: [ 'final', '0' ]
  },
  displayName: 'Python 3.12.3 64-bit',
  detailedDisplayName: 'Python 3.12.3 64-bit',
  type: undefined
} /google/devshell/editor/code-oss-for-cloud-shell/extensions/ms-python.python/python_files/installed_check.py /home/koveszter7/requirements.txt
2025-11-01 10:40:00.400 [info] > /bin/python /google/devshell/editor/code-oss-for-cloud-shell/extensions/ms-python.python/python_files/installed_check.py ./requirements.txt
