2025-11-03 12:08:47.202 [info] [main] Log level: Info
2025-11-03 12:08:47.202 [info] [main] Validating found git in: "git"
2025-11-03 12:08:47.202 [info] [main] Using git "2.43.0" from "git"
2025-11-03 12:08:47.202 [info] [Model][doInitialScan] Initial repository scan started
2025-11-03 12:08:47.202 [info] > git rev-parse --show-toplevel [26ms]
2025-11-03 12:08:47.202 [info] fatal: not a git repository (or any parent up to mount point /)
Stopping at filesystem boundary (GIT_DISCOVERY_ACROSS_FILESYSTEM not set).
2025-11-03 12:08:47.202 [info] > git rev-parse --show-toplevel [37ms]
2025-11-03 12:08:47.202 [info] fatal: not a git repository (or any parent up to mount point /)
Stopping at filesystem boundary (GIT_DISCOVERY_ACROSS_FILESYSTEM not set).
2025-11-03 12:08:47.430 [info] > git rev-parse --show-toplevel [200ms]
2025-11-03 12:08:47.430 [info] fatal: not a git repository (or any parent up to mount point /)
Stopping at filesystem boundary (GIT_DISCOVERY_ACROSS_FILESYSTEM not set).
2025-11-03 12:08:47.454 [info] > git rev-parse --show-toplevel [9ms]
2025-11-03 12:08:47.454 [info] fatal: not a git repository (or any parent up to mount point /)
Stopping at filesystem boundary (GIT_DISCOVERY_ACROSS_FILESYSTEM not set).
2025-11-03 12:08:47.487 [info] > git rev-parse --show-toplevel [13ms]
2025-11-03 12:08:47.487 [info] fatal: not a git repository (or any parent up to mount point /)
Stopping at filesystem boundary (GIT_DISCOVERY_ACROSS_FILESYSTEM not set).
2025-11-03 12:08:47.531 [info] > git rev-parse --show-toplevel [34ms]
2025-11-03 12:08:47.531 [info] fatal: not a git repository (or any parent up to mount point /)
Stopping at filesystem boundary (GIT_DISCOVERY_ACROSS_FILESYSTEM not set).
2025-11-03 12:08:47.562 [info] > git rev-parse --show-toplevel [3ms]
2025-11-03 12:08:47.562 [info] fatal: not a git repository (or any parent up to mount point /)
Stopping at filesystem boundary (GIT_DISCOVERY_ACROSS_FILESYSTEM not set).
2025-11-03 12:08:47.576 [info] > git rev-parse --show-toplevel [4ms]
2025-11-03 12:08:47.576 [info] fatal: not a git repository (or any parent up to mount point /)
Stopping at filesystem boundary (GIT_DISCOVERY_ACROSS_FILESYSTEM not set).
2025-11-03 12:08:47.593 [info] > git rev-parse --show-toplevel [6ms]
2025-11-03 12:08:47.593 [info] fatal: not a git repository (or any parent up to mount point /)
Stopping at filesystem boundary (GIT_DISCOVERY_ACROSS_FILESYSTEM not set).
2025-11-03 12:08:47.610 [info] > git rev-parse --show-toplevel [6ms]
2025-11-03 12:08:47.610 [info] fatal: not a git repository (or any parent up to mount point /)
Stopping at filesystem boundary (GIT_DISCOVERY_ACROSS_FILESYSTEM not set).
2025-11-03 12:08:47.626 [info] > git rev-parse --show-toplevel [3ms]
2025-11-03 12:08:47.626 [info] fatal: not a git repository (or any parent up to mount point /)
Stopping at filesystem boundary (GIT_DISCOVERY_ACROSS_FILESYSTEM not set).
2025-11-03 12:08:47.626 [info] [Model][doInitialScan] Initial repository scan completed - repositories (0), closed repositories (0), parent repositories (0), unsafe repositories (0)
2025-11-03 12:08:52.201 [info] > git rev-parse --show-toplevel [5ms]
2025-11-03 12:08:52.222 [info] > git rev-parse --git-dir --git-common-dir [3ms]
2025-11-03 12:08:52.236 [info] [Model][openRepository] Opened repository (path): /home/koveszter7
2025-11-03 12:08:52.236 [info] [Model][openRepository] Opened repository (real path): /home/koveszter7
2025-11-03 12:08:52.257 [info] > git config --get commit.template [4ms]
2025-11-03 12:08:52.276 [info] > git for-each-ref --format=%(refname)%00%(upstream:short)%00%(objectname)%00%(upstream:track)%00%(upstream:remotename)%00%(upstream:remoteref) refs/heads/main refs/remotes/main [4ms]
2025-11-03 12:08:52.277 [warning] [Git][getBranch] No such branch: main
2025-11-03 12:08:52.319 [info] > git for-each-ref --sort -committerdate --format %(refname)%00%(objectname)%00%(*objectname) [5ms]
2025-11-03 12:08:52.835 [info] > git status -z -uall [544ms] (cancelled)
2025-11-03 12:08:54.797 [info] > git for-each-ref --format=%(refname)%00%(upstream:short)%00%(objectname)%00%(upstream:track)%00%(upstream:remotename)%00%(upstream:remoteref) refs/heads/main refs/remotes/main [1978ms]
2025-11-03 12:08:54.797 [warning] [Git][getBranch] No such branch: main
2025-11-03 12:08:54.798 [error] [GitHistoryProvider][resolveHEADMergeBase] Failed to resolve merge base for main: Error: No such branch: main.
2025-11-03 12:08:54.876 [info] > git config --get commit.template [169ms]
2025-11-03 12:08:54.878 [info] > git check-ignore -v -z --stdin [58ms]
2025-11-03 12:08:54.909 [info] > git for-each-ref --format=%(refname)%00%(upstream:short)%00%(objectname)%00%(upstream:track)%00%(upstream:remotename)%00%(upstream:remoteref) refs/heads/main refs/remotes/main [7ms]
2025-11-03 12:08:54.909 [warning] [Git][getBranch] No such branch: main
2025-11-03 12:08:54.990 [info] > git for-each-ref --sort -committerdate --format %(refname)%00%(objectname)%00%(*objectname) [7ms]
2025-11-03 12:08:55.351 [info] > git status -z -uall [397ms] (cancelled)
2025-11-03 12:09:00.072 [info] > git show --textconv :Dockerfile [17ms]
2025-11-03 12:09:00.087 [info] > git ls-files --stage -- Dockerfile [18ms]
2025-11-03 12:09:00.102 [info] > git hash-object -t tree /dev/null [16ms]
2025-11-03 12:09:00.102 [warning] [GitFileSystemProvider][readFile] File not found - git:/home/koveszter7/Dockerfile.git?%7B%22path%22%3A%22%2Fhome%2Fkoveszter7%2FDockerfile%22%2C%22ref%22%3A%22%22%7D
2025-11-03 12:09:00.111 [info] > git hash-object -t tree /dev/null [11ms]
2025-11-03 12:09:00.111 [warning] [GitFileSystemProvider][stat] File not found - git:/home/koveszter7/Dockerfile.git?%7B%22path%22%3A%22%2Fhome%2Fkoveszter7%2FDockerfile%22%2C%22ref%22%3A%22%22%7D
2025-11-03 12:09:03.087 [info] > git show --textconv :app.py [17ms]
2025-11-03 12:09:03.088 [warning] [GitFileSystemProvider][readFile] File not found - git:/home/koveszter7/app.py.git?%7B%22path%22%3A%22%2Fhome%2Fkoveszter7%2Fapp.py%22%2C%22ref%22%3A%22%22%7D
2025-11-03 12:09:03.089 [info] > git ls-files --stage -- app.py [4ms]
2025-11-03 12:09:03.089 [warning] [GitFileSystemProvider][stat] File not found - git:/home/koveszter7/app.py.git?%7B%22path%22%3A%22%2Fhome%2Fkoveszter7%2Fapp.py%22%2C%22ref%22%3A%22%22%7D
