2025-11-03 09:40:04.976 [info] [main] Log level: Info
2025-11-03 09:40:04.976 [info] [main] Validating found git in: "git"
2025-11-03 09:40:04.976 [info] [main] Using git "2.43.0" from "git"
2025-11-03 09:40:04.976 [info] [Model][doInitialScan] Initial repository scan started
2025-11-03 09:40:04.976 [info] > git rev-parse --show-toplevel [5280ms]
2025-11-03 09:40:04.976 [info] fatal: not a git repository (or any parent up to mount point /)
Stopping at filesystem boundary (GIT_DISCOVERY_ACROSS_FILESYSTEM not set).
2025-11-03 09:40:04.976 [info] > git rev-parse --show-toplevel [20ms]
2025-11-03 09:40:04.976 [info] fatal: not a git repository (or any parent up to mount point /)
Stopping at filesystem boundary (GIT_DISCOVERY_ACROSS_FILESYSTEM not set).
2025-11-03 09:40:04.990 [info] > git rev-parse --show-toplevel [3ms]
2025-11-03 09:40:04.991 [info] fatal: not a git repository (or any parent up to mount point /)
Stopping at filesystem boundary (GIT_DISCOVERY_ACROSS_FILESYSTEM not set).
2025-11-03 09:40:05.254 [info] > git rev-parse --show-toplevel [252ms]
2025-11-03 09:40:05.254 [info] fatal: not a git repository (or any parent up to mount point /)
Stopping at filesystem boundary (GIT_DISCOVERY_ACROSS_FILESYSTEM not set).
2025-11-03 09:40:05.281 [info] > git rev-parse --show-toplevel [16ms]
2025-11-03 09:40:05.281 [info] fatal: not a git repository (or any parent up to mount point /)
Stopping at filesystem boundary (GIT_DISCOVERY_ACROSS_FILESYSTEM not set).
2025-11-03 09:40:05.301 [info] > git rev-parse --show-toplevel [8ms]
2025-11-03 09:40:05.301 [info] fatal: not a git repository (or any parent up to mount point /)
Stopping at filesystem boundary (GIT_DISCOVERY_ACROSS_FILESYSTEM not set).
2025-11-03 09:40:05.367 [info] > git rev-parse --show-toplevel [54ms]
2025-11-03 09:40:05.367 [info] fatal: not a git repository (or any parent up to mount point /)
Stopping at filesystem boundary (GIT_DISCOVERY_ACROSS_FILESYSTEM not set).
2025-11-03 09:40:05.383 [info] > git rev-parse --show-toplevel [3ms]
2025-11-03 09:40:05.383 [info] fatal: not a git repository (or any parent up to mount point /)
Stopping at filesystem boundary (GIT_DISCOVERY_ACROSS_FILESYSTEM not set).
2025-11-03 09:40:05.400 [info] > git rev-parse --show-toplevel [3ms]
2025-11-03 09:40:05.400 [info] fatal: not a git repository (or any parent up to mount point /)
Stopping at filesystem boundary (GIT_DISCOVERY_ACROSS_FILESYSTEM not set).
2025-11-03 09:40:05.421 [info] > git rev-parse --show-toplevel [10ms]
2025-11-03 09:40:05.421 [info] fatal: not a git repository (or any parent up to mount point /)
Stopping at filesystem boundary (GIT_DISCOVERY_ACROSS_FILESYSTEM not set).
2025-11-03 09:40:05.434 [info] > git rev-parse --show-toplevel [3ms]
2025-11-03 09:40:05.434 [info] fatal: not a git repository (or any parent up to mount point /)
Stopping at filesystem boundary (GIT_DISCOVERY_ACROSS_FILESYSTEM not set).
2025-11-03 09:40:05.435 [info] [Model][doInitialScan] Initial repository scan completed - repositories (0), closed repositories (0), parent repositories (0), unsafe repositories (0)
