2025-11-03 12:13:54.093 [info] [main] Log level: Info
2025-11-03 12:13:54.093 [info] [main] Validating found git in: "git"
2025-11-03 12:13:54.093 [info] [main] Using git "2.43.0" from "git"
2025-11-03 12:13:54.093 [info] [Model][doInitialScan] Initial repository scan started
2025-11-03 12:13:54.093 [info] > git rev-parse --show-toplevel [74ms]
2025-11-03 12:13:54.097 [info] > git rev-parse --git-dir --git-common-dir [97ms]
2025-11-03 12:13:54.112 [info] [Model][openRepository] Opened repository (path): /home/koveszter7
2025-11-03 12:13:54.112 [info] [Model][openRepository] Opened repository (real path): /home/koveszter7
2025-11-03 12:13:54.186 [info] > git config --get commit.template [27ms]
2025-11-03 12:13:54.226 [info] > git for-each-ref --format=%(refname)%00%(upstream:short)%00%(objectname)%00%(upstream:track)%00%(upstream:remotename)%00%(upstream:remoteref) refs/heads/main refs/remotes/main [21ms]
2025-11-03 12:13:54.226 [warning] [Git][getBranch] No such branch: main
2025-11-03 12:13:54.325 [info] > git rev-parse --show-toplevel [25ms]
2025-11-03 12:13:54.325 [info] > git for-each-ref --sort -committerdate --format %(refname)%00%(objectname)%00%(*objectname) [52ms]
2025-11-03 12:13:54.380 [info] > git rev-parse --show-toplevel [31ms]
2025-11-03 12:13:54.428 [info] > git rev-parse --show-toplevel [35ms]
2025-11-03 12:13:54.461 [info] > git rev-parse --show-toplevel [14ms]
2025-11-03 12:13:54.488 [info] > git rev-parse --show-toplevel [7ms]
2025-11-03 12:13:54.744 [info] > git status -z -uall [507ms] (cancelled)
2025-11-03 12:13:54.744 [info] > git rev-parse --show-toplevel [239ms]
2025-11-03 12:13:56.537 [info] > git for-each-ref --format=%(refname)%00%(upstream:short)%00%(objectname)%00%(upstream:track)%00%(upstream:remotename)%00%(upstream:remoteref) refs/heads/main refs/remotes/main [1800ms]
2025-11-03 12:13:56.537 [warning] [Git][getBranch] No such branch: main
2025-11-03 12:13:56.538 [error] [GitHistoryProvider][resolveHEADMergeBase] Failed to resolve merge base for main: Error: No such branch: main.
2025-11-03 12:13:56.588 [info] > git rev-parse --show-toplevel [91ms]
2025-11-03 12:13:56.589 [info] > git config --get commit.template [101ms]
2025-11-03 12:13:56.642 [info] > git check-ignore -v -z --stdin [64ms]
2025-11-03 12:13:56.644 [info] > git rev-parse --show-toplevel [41ms]
2025-11-03 12:13:56.658 [info] > git for-each-ref --format=%(refname)%00%(upstream:short)%00%(objectname)%00%(upstream:track)%00%(upstream:remotename)%00%(upstream:remoteref) refs/heads/main refs/remotes/main [19ms]
2025-11-03 12:13:56.658 [warning] [Git][getBranch] No such branch: main
2025-11-03 12:13:56.708 [info] > git rev-parse --show-toplevel [51ms]
2025-11-03 12:13:56.709 [info] [Model][doInitialScan] Initial repository scan completed - repositories (1), closed repositories (0), parent repositories (0), unsafe repositories (0)
2025-11-03 12:13:56.722 [info] > git for-each-ref --sort -committerdate --format %(refname)%00%(objectname)%00%(*objectname) [19ms]
2025-11-03 12:13:57.013 [info] > git status -z -uall [345ms] (cancelled)
