2025-11-03 12:14:16.843 [info] [main] Log level: Info
2025-11-03 12:14:16.843 [info] [main] Validating found git in: "git"
2025-11-03 12:14:16.843 [info] [main] Using git "2.43.0" from "git"
2025-11-03 12:14:16.843 [info] [Model][doInitialScan] Initial repository scan started
2025-11-03 12:14:16.843 [info] > git rev-parse --show-toplevel [3997ms]
2025-11-03 12:14:16.843 [info] > git rev-parse --git-dir --git-common-dir [573ms]
2025-11-03 12:14:16.843 [info] [Model][openRepository] Opened repository (path): /home/koveszter7
2025-11-03 12:14:16.843 [info] [Model][openRepository] Opened repository (real path): /home/koveszter7
2025-11-03 12:14:16.894 [info] > git config --get commit.template [41ms]
2025-11-03 12:14:16.926 [info] > git for-each-ref --format=%(refname)%00%(upstream:short)%00%(objectname)%00%(upstream:track)%00%(upstream:remotename)%00%(upstream:remoteref) refs/heads/main refs/remotes/main [12ms]
2025-11-03 12:14:16.927 [warning] [Git][getBranch] No such branch: main
2025-11-03 12:14:17.027 [info] > git for-each-ref --sort -committerdate --format %(refname)%00%(objectname)%00%(*objectname) [73ms]
2025-11-03 12:14:17.035 [info] > git rev-parse --show-toplevel [37ms]
2025-11-03 12:14:17.057 [info] > git rev-parse --show-toplevel [5ms]
2025-11-03 12:14:17.115 [info] > git rev-parse --show-toplevel [48ms]
2025-11-03 12:14:17.135 [info] > git rev-parse --show-toplevel [4ms]
2025-11-03 12:14:17.177 [info] > git rev-parse --show-toplevel [27ms]
2025-11-03 12:14:17.205 [info] > git rev-parse --show-toplevel [9ms]
2025-11-03 12:14:19.296 [info] > git status -z -uall [2355ms] (cancelled)
2025-11-03 12:14:19.297 [info] > git for-each-ref --format=%(refname)%00%(upstream:short)%00%(objectname)%00%(upstream:track)%00%(upstream:remotename)%00%(upstream:remoteref) refs/heads/main refs/remotes/main [1872ms]
2025-11-03 12:14:19.297 [warning] [Git][getBranch] No such branch: main
2025-11-03 12:14:19.298 [error] [GitHistoryProvider][resolveHEADMergeBase] Failed to resolve merge base for main: Error: No such branch: main.
2025-11-03 12:14:19.339 [info] > git config --get commit.template [83ms]
2025-11-03 12:14:19.339 [info] > git rev-parse --show-toplevel [94ms]
2025-11-03 12:14:19.384 [info] > git check-ignore -v -z --stdin [50ms]
2025-11-03 12:14:19.386 [info] > git rev-parse --show-toplevel [32ms]
2025-11-03 12:14:19.399 [info] > git for-each-ref --format=%(refname)%00%(upstream:short)%00%(objectname)%00%(upstream:track)%00%(upstream:remotename)%00%(upstream:remoteref) refs/heads/main refs/remotes/main [16ms]
2025-11-03 12:14:19.399 [warning] [Git][getBranch] No such branch: main
2025-11-03 12:14:19.440 [info] > git for-each-ref --sort -committerdate --format %(refname)%00%(objectname)%00%(*objectname) [8ms]
2025-11-03 12:14:19.453 [info] > git rev-parse --show-toplevel [43ms]
2025-11-03 12:14:19.454 [info] [Model][doInitialScan] Initial repository scan completed - repositories (1), closed repositories (0), parent repositories (0), unsafe repositories (0)
2025-11-03 12:14:20.241 [info] > git status -z -uall [831ms] (cancelled)
2025-11-03 12:14:26.502 [info] > git show --textconv :app.py [29ms]
2025-11-03 12:14:26.533 [info] > git ls-files --stage -- app.py [36ms]
2025-11-03 12:14:26.555 [info] > git cat-file -s eaf01300b368a260f49a1827a64df7e294901c19 [6ms]
