2025-11-01 11:04:54.968 [info] [main] Log level: Info
2025-11-01 11:04:54.968 [info] [main] Validating found git in: "git"
2025-11-01 11:04:54.968 [info] [main] Using git "2.43.0" from "git"
2025-11-01 11:04:54.968 [info] [Model][doInitialScan] Initial repository scan started
2025-11-01 11:04:54.968 [info] > git rev-parse --show-toplevel [15ms]
2025-11-01 11:04:54.968 [info] fatal: not a git repository (or any parent up to mount point /)
Stopping at filesystem boundary (GIT_DISCOVERY_ACROSS_FILESYSTEM not set).
2025-11-01 11:04:54.968 [info] > git rev-parse --show-toplevel [2ms]
2025-11-01 11:04:54.968 [info] fatal: not a git repository (or any parent up to mount point /)
Stopping at filesystem boundary (GIT_DISCOVERY_ACROSS_FILESYSTEM not set).
2025-11-01 11:04:54.968 [info] > git rev-parse --show-toplevel [2ms]
2025-11-01 11:04:54.968 [info] fatal: not a git repository (or any parent up to mount point /)
Stopping at filesystem boundary (GIT_DISCOVERY_ACROSS_FILESYSTEM not set).
2025-11-01 11:04:54.968 [info] > git rev-parse --show-toplevel [1ms]
2025-11-01 11:04:54.968 [info] fatal: not a git repository (or any parent up to mount point /)
Stopping at filesystem boundary (GIT_DISCOVERY_ACROSS_FILESYSTEM not set).
2025-11-01 11:04:54.968 [info] > git rev-parse --show-toplevel [1ms]
2025-11-01 11:04:54.968 [info] fatal: not a git repository (or any parent up to mount point /)
Stopping at filesystem boundary (GIT_DISCOVERY_ACROSS_FILESYSTEM not set).
2025-11-01 11:04:54.968 [info] > git rev-parse --show-toplevel [1ms]
2025-11-01 11:04:54.968 [info] fatal: not a git repository (or any parent up to mount point /)
Stopping at filesystem boundary (GIT_DISCOVERY_ACROSS_FILESYSTEM not set).
2025-11-01 11:04:54.968 [info] > git rev-parse --show-toplevel [1ms]
2025-11-01 11:04:54.968 [info] fatal: not a git repository (or any parent up to mount point /)
Stopping at filesystem boundary (GIT_DISCOVERY_ACROSS_FILESYSTEM not set).
2025-11-01 11:04:54.968 [info] > git rev-parse --show-toplevel [1ms]
2025-11-01 11:04:54.968 [info] fatal: not a git repository (or any parent up to mount point /)
Stopping at filesystem boundary (GIT_DISCOVERY_ACROSS_FILESYSTEM not set).
2025-11-01 11:04:54.968 [info] [Model][doInitialScan] Initial repository scan completed - repositories (0), closed repositories (0), parent repositories (0), unsafe repositories (0)
2025-11-01 11:05:16.936 [info] > git rev-parse --show-toplevel [24ms]
2025-11-01 11:05:16.936 [info] fatal: not a git repository (or any parent up to mount point /)
Stopping at filesystem boundary (GIT_DISCOVERY_ACROSS_FILESYSTEM not set).
2025-11-01 11:05:51.625 [info] > git rev-parse --show-toplevel [6ms]
2025-11-01 11:05:51.625 [info] fatal: not a git repository (or any parent up to mount point /)
Stopping at filesystem boundary (GIT_DISCOVERY_ACROSS_FILESYSTEM not set).
2025-11-01 11:05:52.823 [info] > git rev-parse --show-toplevel [5ms]
2025-11-01 11:05:52.823 [info] fatal: not a git repository (or any parent up to mount point /)
Stopping at filesystem boundary (GIT_DISCOVERY_ACROSS_FILESYSTEM not set).
