Initializing document watcher...
Document watcher initialized
koveszter7/app: {}
koveszter7/app: {}
koveszter7/app: {}
koveszter7/app.py: {}
koveszter7/requirements.txt: {}
koveszter7/requirements.txt: {}
koveszter7/data.csv: {}
koveszter7/c: {}
koveszter7/c: {}
koveszter7/Dockerfile: {}
koveszter7/data.csv: {}
koveszter7/app.py: {}
koveszter7/app.py: {}
koveszter7/data.csv: {}
koveszter7/data.csv: Using EditorConfig core...
koveszter7/app.py: {}
koveszter7/data.csv: {}
koveszter7/app.py: {}
koveszter7/app.py: {}
koveszter7/app.py: Using EditorConfig core...
koveszter7/app.py: {}
koveszter7/requirements.txt: {}
koveszter7/requirements.txt: Using EditorConfig core...
koveszter7/README-cloudshell.txt: {}
koveszter7/Dockerfile: {}
koveszter7/Dockerfile: {}
koveszter7/Dockerfile: Using EditorConfig core...
koveszter7/app.py: {}
koveszter7/app.py: {}
koveszter7/data.csv: {}
koveszter7/data.csv: Using EditorConfig core...
koveszter7/app.py: {}
koveszter7/app.py: Using EditorConfig core...
koveszter7/app.py: {}
koveszter7/app.py: Using EditorConfig core...
koveszter7/app.py: Using EditorConfig core...
koveszter7/app.py: {}
koveszter7/app.py: Using EditorConfig core...
koveszter7/app.py: Using EditorConfig core...
koveszter7/app.py: {}
koveszter7/app.py: Using EditorConfig core...
koveszter7/Dockerfile: {}
koveszter7/Dockerfile: {}
koveszter7/requirements.txt: {}
koveszter7/requirements.txt: Using EditorConfig core...
koveszter7/data.csv: {}
koveszter7/data.csv: {}
koveszter7/data.csv: Using EditorConfig core...
koveszter7/app.py: {}
koveszter7/README-cloudshell.txt: {}
koveszter7/requirements.txt: {}
koveszter7/requirements.txt: {}
koveszter7/requirements.txt: {}
koveszter7/requirements.txt: {}
koveszter7/app.py: {}
koveszter7/app.py: Using EditorConfig core...
koveszter7/data.csv: {}
koveszter7/data.csv: {}
koveszter7/data.csv: Using EditorConfig core...
koveszter7/Dockerfile: {}
koveszter7/Dockerfile: {}
koveszter7/Dockerfile: Using EditorConfig core...
koveszter7/requirements.txt: {}
koveszter7/requirements.txt: {}
koveszter7/requirements.txt: Using EditorConfig core...
koveszter7/requirements.txt: {}
koveszter7/Dockerfile: {}
koveszter7/Dockerfile: {}
koveszter7/Dockerfile: {}
koveszter7/README-cloudshell.txt: {}
koveszter7/Dockerfile: {}
koveszter7/Dockerfile: {}
koveszter7/Dockerfile: {}
koveszter7/data.csv: {}
koveszter7/app.py: {}
koveszter7/data.csv: {}
koveszter7/data.csv: Using EditorConfig core...
koveszter7/requirements.txt: {}
koveszter7/requirements.txt: {}
koveszter7/app.py: {}
koveszter7/app.py: {}
koveszter7/requirements.txt: {}
koveszter7/README-cloudshell.txt: {}
koveszter7/Dockerfile: {}
koveszter7/data.csv: {}
koveszter7/app.py: {}
